2021-02-25 15:39:50 - INFO - "GET / HTTP/1.1" 200 1219
2021-02-25 15:39:50 - INFO - "GET /static/style.css HTTP/1.1" 200 648
2021-02-25 15:39:50 - INFO - "GET /favicon.ico HTTP/1.1" 200 1739
2021-02-25 18:11:40 - INFO - "GET / HTTP/1.1" 200 1243
2021-02-25 18:11:40 - INFO - "GET /static/style.css HTTP/1.1" 200 648
2021-02-25 18:11:40 - INFO - "GET /favicon.ico HTTP/1.1" 200 1739
2021-02-25 18:11:40 - INFO - "GET / HTTP/1.1" 200 1243
2021-02-25 18:11:40 - INFO - "GET / HTTP/1.1" 200 1243
2021-02-25 18:11:40 - INFO - "GET /static/style.css HTTP/1.1" 200 648
2021-02-25 18:11:40 - INFO - "GET /favicon.ico HTTP/1.1" 200 1739
2021-02-25 18:37:50 - INFO - "GET /sample HTTP/1.1" 200 1243
2021-02-25 18:37:50 - INFO - "GET /static/style.css HTTP/1.1" 304 0
2021-02-25 18:38:23 - WARNING - "GET /exception HTTP/1.1" 404 1536
2021-02-25 18:38:23 - WARNING - "GET /template HTTP/1.1" 404 1536
2021-02-25 18:38:23 - WARNING - "GET /home HTTP/1.1" 404 1536
2021-02-25 18:38:23 - WARNING - "GET /template HTTP/1.1" 404 1536
2021-02-25 18:38:23 - WARNING - "GET /json HTTP/1.1" 404 1536
2021-02-25 18:38:23 - WARNING - "GET /text HTTP/1.1" 404 1536
2021-02-25 22:58:58 - INFO - "GET / HTTP/1.1" 200 1243
2021-02-25 22:58:58 - INFO - "GET /static/style.css HTTP/1.1" 304 0
2021-02-26 00:54:51 - WARNING - "GET /static/style.css HTTP/1.1" 404 1536
2021-02-26 00:54:51 - INFO - "GET /static/hello.txt HTTP/1.1" 200 4
2021-02-26 00:54:51 - INFO - "GET /robots.txt HTTP/1.1" 200 0
2021-02-26 00:54:51 - INFO - "GET /robots.txt HTTP/1.1" 200 4
2021-02-26 00:54:51 - INFO - "GET /robots.txt HTTP/1.1" 200 4
2021-02-26 00:54:51 - INFO - "GET /favicon.ico HTTP/1.1" 200 1739
2021-02-26 00:54:51 - INFO - "GET /static/hello.txt HTTP/1.1" 304 0
2021-02-26 00:54:51 - INFO - "GET /favicon.ico HTTP/1.1" 200 1739
2021-02-26 00:54:51 - INFO - "GET /static/css/style.css HTTP/1.1" 200 649
2021-02-26 00:54:51 - INFO - "GET /static/css/style.css HTTP/1.1" 200 1
2021-02-26 00:54:51 - INFO - "GET /favicon.ico HTTP/1.1" 200 1739
2021-02-26 00:54:51 - INFO - "GET / HTTP/1.1" 200 1243
2021-02-26 00:54:51 - WARNING - "GET /static/style.css HTTP/1.1" 404 1536
2021-02-26 00:57:27 - INFO - "GET / HTTP/1.1" 200 1243
2021-02-26 00:57:27 - WARNING - "GET /static/style.css HTTP/1.1" 404 1536
2021-02-26 00:57:27 - INFO - "GET /favicon.ico HTTP/1.1" 200 1739
2021-02-26 00:57:27 - INFO - "GET /static/hello.txt HTTP/1.1" 200 4
2021-02-26 00:57:27 - INFO - "GET / HTTP/1.1" 200 1243
2021-02-26 00:57:27 - WARNING - "GET /static/style.css HTTP/1.1" 404 1536
2021-02-26 00:57:27 - INFO - "GET /favicon.ico HTTP/1.1" 200 1739
2021-02-26 00:57:27 - INFO - "GET /favicon.ico HTTP/1.1" 200 1739
2021-02-26 00:57:27 - INFO - "GET /static/css/style.css HTTP/1.1" 200 649
2021-02-26 00:57:27 - INFO - "GET /favicon.ico HTTP/1.1" 200 1739
2021-02-26 00:57:27 - INFO - "GET / HTTP/1.1" 200 1243
2021-02-26 00:57:27 - WARNING - "GET /static/style.css HTTP/1.1" 404 1536
2021-02-26 00:57:27 - INFO - "GET /favicon.ico HTTP/1.1" 200 1739
2021-02-26 00:57:27 - INFO - "GET / HTTP/1.1" 200 1243
2021-02-26 00:57:27 - WARNING - "GET /static/style.css HTTP/1.1" 404 1536
2021-02-26 00:57:27 - INFO - "GET /favicon.ico HTTP/1.1" 200 1739
2021-02-26 00:57:27 - INFO - "GET / HTTP/1.1" 200 1243
2021-02-26 00:57:27 - WARNING - "GET /static/style.css HTTP/1.1" 404 1536
2021-02-26 00:57:27 - INFO - "GET /favicon.ico HTTP/1.1" 200 1739
2021-02-26 00:57:27 - INFO - "GET / HTTP/1.1" 200 1243
2021-02-26 00:57:27 - WARNING - "GET /static/style.css HTTP/1.1" 404 1536
2021-02-26 00:57:27 - INFO - "GET /favicon.ico HTTP/1.1" 200 1739
2021-02-26 00:57:27 - INFO - "GET / HTTP/1.1" 200 1243
2021-02-26 00:57:27 - WARNING - "GET /static/style.css HTTP/1.1" 404 1536
2021-02-26 00:57:27 - INFO - "GET /favicon.ico HTTP/1.1" 200 1739
2021-02-26 00:57:27 - INFO - "GET / HTTP/1.1" 200 1243
2021-02-26 00:57:27 - WARNING - "GET /static/style.css HTTP/1.1" 404 1536
2021-02-26 00:57:27 - WARNING - "GET /static/style.css HTTP/1.1" 404 1536
2021-02-26 00:57:27 - INFO - "GET / HTTP/1.1" 200 1243
2021-02-26 00:57:27 - WARNING - "GET /static/style.css HTTP/1.1" 404 1536
2021-02-26 00:57:27 - INFO - "GET /favicon.ico HTTP/1.1" 200 1739
2021-02-26 00:57:27 - INFO - "GET / HTTP/1.1" 200 1243
2021-02-26 00:57:27 - WARNING - "GET /static/style.css HTTP/1.1" 404 1536
2021-02-26 00:57:27 - INFO - "GET /favicon.ico HTTP/1.1" 200 1739
2021-02-26 00:58:34 - INFO - "GET / HTTP/1.1" 200 1243
2021-02-26 00:58:34 - INFO - "GET / HTTP/1.1" 200 1243
2021-02-26 00:58:34 - WARNING - "GET /static/style.css HTTP/1.1" 404 1536
2021-02-26 00:58:34 - INFO - "GET /favicon.ico HTTP/1.1" 200 1739
2021-02-26 00:59:41 - INFO - "GET / HTTP/1.1" 200 1243
2021-02-26 00:59:41 - WARNING - "GET /static/style.css HTTP/1.1" 404 1536
2021-02-26 00:59:41 - INFO - "GET /favicon.ico HTTP/1.1" 200 1739
2021-02-26 01:00:29 - INFO - "GET / HTTP/1.1" 200 1243
2021-02-26 01:00:29 - INFO - "GET /static/style.css HTTP/1.1" 200 649
2021-02-26 01:00:29 - INFO - "GET /favicon.ico HTTP/1.1" 200 1739
2021-02-26 01:00:29 - INFO - "GET /static/css/style.css HTTP/1.1" 200 649
2021-02-26 01:00:29 - INFO - "GET /static/css/style.css HTTP/1.1" 304 0
2021-02-26 01:00:29 - INFO - "GET /favicon.ico HTTP/1.1" 200 1739
2021-02-26 01:00:29 - INFO - "GET /static/css/style.css HTTP/1.1" 304 0
2021-02-26 01:00:29 - INFO - "GET /favicon.ico HTTP/1.1" 200 1739
2021-02-26 01:01:50 - WARNING - "GET /static/css/style.css HTTP/1.1" 404 1536
2021-02-26 01:01:50 - WARNING - "GET /static/css/style.css HTTP/1.1" 404 1536
2021-02-26 01:01:50 - INFO - "GET /favicon.ico HTTP/1.1" 200 1739
2021-02-26 01:01:50 - INFO - "GET / HTTP/1.1" 200 1243
2021-02-26 01:01:50 - INFO - "GET /static/style.css HTTP/1.1" 200 649
2021-02-26 01:01:50 - INFO - "GET /favicon.ico HTTP/1.1" 200 1739
2021-02-26 01:26:13 - INFO - "GET /robots.txt HTTP/1.1" 200 0
2021-02-26 01:26:13 - INFO - "GET /favicon.ico HTTP/1.1" 304 0
2021-02-26 01:26:13 - INFO - "GET /static/hello.txt HTTP/1.1" 304 0
2021-02-26 01:26:13 - INFO - "GET /static/style.css HTTP/1.1" 304 0
2021-02-26 01:26:13 - INFO - "GET / HTTP/1.1" 200 1243
2021-02-26 01:43:49 - INFO - "GET / HTTP/1.1" 200 281
2021-02-26 01:43:49 - INFO - "GET /favicon.ico HTTP/1.1" 200 1739
2021-02-26 01:43:49 - INFO - "POST / HTTP/1.1" 200 405
2021-02-26 01:43:49 - INFO - "POST / HTTP/1.1" 200 405
2021-02-26 01:43:49 - INFO - "GET /uploads/9cng5ewtvvngm0u0qcxbxzxbx.png HTTP/1.1" 200 178057
